proguard/seeds.txt
com.warmwit.bierapp.BierAppApplication
com.warmwit.bierapp.BierAppApplication: BierAppApplication()
com.warmwit.bierapp.R$array: int preference_guest_timeouts
com.warmwit.bierapp.R$array: int preference_guest_timeouts_values
com.warmwit.bierapp.R$array: int preference_transaction_timeouts
com.warmwit.bierapp.R$array: int preference_transaction_timeouts_values
com.warmwit.bierapp.R$attr: int horizontalSpacing
com.warmwit.bierapp.R$attr: int layout_breakLine
com.warmwit.bierapp.R$attr: int layout_horizontalSpacing
com.warmwit.bierapp.R$attr: int verticalSpacing
com.warmwit.bierapp.R$color: int splash_background
com.warmwit.bierapp.R$dimen: int padding_large
com.warmwit.bierapp.R$dimen: int padding_medium
com.warmwit.bierapp.R$dimen: int padding_small
com.warmwit.bierapp.R$drawable: int avatar_1
com.warmwit.bierapp.R$drawable: int avatar_10
com.warmwit.bierapp.R$drawable: int avatar_2
com.warmwit.bierapp.R$drawable: int avatar_3
com.warmwit.bierapp.R$drawable: int avatar_4
com.warmwit.bierapp.R$drawable: int avatar_5
com.warmwit.bierapp.R$drawable: int avatar_6
com.warmwit.bierapp.R$drawable: int avatar_7
com.warmwit.bierapp.R$drawable: int avatar_8
com.warmwit.bierapp.R$drawable: int avatar_9
com.warmwit.bierapp.R$drawable: int ic_launcher
com.warmwit.bierapp.R$drawable: int image_border
com.warmwit.bierapp.R$drawable: int image_focus
com.warmwit.bierapp.R$drawable: int product_beer_none
com.warmwit.bierapp.R$drawable: int splash
com.warmwit.bierapp.R$id: int avatar
com.warmwit.bierapp.R$id: int count
com.warmwit.bierapp.R$id: int header
com.warmwit.bierapp.R$id: int imageView1
com.warmwit.bierapp.R$id: int list_guests
com.warmwit.bierapp.R$id: int list_transactions
com.warmwit.bierapp.R$id: int list_users
com.warmwit.bierapp.R$id: int menu_context_add_guest
com.warmwit.bierapp.R$id: int menu_context_clear_transaction_items
com.warmwit.bierapp.R$id: int menu_context_remove_guest
com.warmwit.bierapp.R$id: int menu_context_show_hosts
com.warmwit.bierapp.R$id: int menu_purchase
com.warmwit.bierapp.R$id: int menu_purchase_cancel
com.warmwit.bierapp.R$id: int menu_purchase_confirm
com.warmwit.bierapp.R$id: int menu_purchase_show
com.warmwit.bierapp.R$id: int menu_refresh
com.warmwit.bierapp.R$id: int menu_settings
com.warmwit.bierapp.R$id: int menu_show_guests
com.warmwit.bierapp.R$id: int menu_show_transactions
com.warmwit.bierapp.R$id: int name
com.warmwit.bierapp.R$id: int product
com.warmwit.bierapp.R$id: int product_1
com.warmwit.bierapp.R$id: int product_2
com.warmwit.bierapp.R$id: int product_3
com.warmwit.bierapp.R$id: int product_bar
com.warmwit.bierapp.R$id: int product_change
com.warmwit.bierapp.R$id: int product_count
com.warmwit.bierapp.R$id: int product_logo
com.warmwit.bierapp.R$id: int product_more
com.warmwit.bierapp.R$id: int products
com.warmwit.bierapp.R$id: int score
com.warmwit.bierapp.R$id: int textView1
com.warmwit.bierapp.R$id: int textView2
com.warmwit.bierapp.R$id: int webview
com.warmwit.bierapp.R$layout: int activity_authorize
com.warmwit.bierapp.R$layout: int activity_guests
com.warmwit.bierapp.R$layout: int activity_home
com.warmwit.bierapp.R$layout: int activity_splash
com.warmwit.bierapp.R$layout: int activity_transactions
com.warmwit.bierapp.R$layout: int listview_row_guest
com.warmwit.bierapp.R$layout: int listview_row_header
com.warmwit.bierapp.R$layout: int listview_row_transaction
com.warmwit.bierapp.R$layout: int listview_row_transactionitem
com.warmwit.bierapp.R$layout: int listview_row_user
com.warmwit.bierapp.R$layout: int view_product
com.warmwit.bierapp.R$menu: int menu_context_home_guest
com.warmwit.bierapp.R$menu: int menu_context_home_inhabitant
com.warmwit.bierapp.R$menu: int menu_home
...
com.j256.ormlite.field.types.DateTimeType
com.j256.ormlite.field.types.DateTimeType: com.j256.ormlite.field.types.DateTimeType singleTon
com.j256.ormlite.field.types.DateTimeType: java.lang.Class dateTimeClass
com.j256.ormlite.field.types.DateTimeType: java.lang.reflect.Method getMillisMethod
com.j256.ormlite.field.types.DateTimeType: java.lang.reflect.Constructor millisConstructor
com.j256.ormlite.field.types.DateTimeType: java.lang.String[] associatedClassNames
com.j256.ormlite.field.types.DateTimeType: DateTimeType()
com.j256.ormlite.field.types.DateTimeType: DateTimeType(com.j256.ormlite.field.SqlType,java.lang.Class[])
com.j256.ormlite.field.types.DateTimeType: com.j256.ormlite.field.types.DateTimeType getSingleton()
com.j256.ormlite.field.types.DateTimeType: java.lang.String[] getAssociatedClassNames()
com.j256.ormlite.field.types.DateTimeType: java.lang.Object javaToSqlArg(com.j256.ormlite.field.FieldType,java.lang.Object)
com.j256.ormlite.field.types.DateTimeType: java.lang.Object parseDefaultString(com.j256.ormlite.field.FieldType,java.lang.String)
com.j256.ormlite.field.types.DateTimeType: java.lang.Object resultToSqlArg(com.j256.ormlite.field.FieldType,com.j256.ormlite.support.DatabaseResults,int)
com.j256.ormlite.field.types.DateTimeType: java.lang.Object sqlArgToJava(com.j256.ormlite.field.FieldType,java.lang.Object,int)
com.j256.ormlite.field.types.DateTimeType: boolean isEscapedValue()
com.j256.ormlite.field.types.DateTimeType: boolean isAppropriateId()
com.j256.ormlite.field.types.DateType
com.j256.ormlite.field.types.DateType: com.j256.ormlite.field.types.DateType singleTon
com.j256.ormlite.field.types.DateType: com.j256.ormlite.field.types.DateType getSingleton()
com.j256.ormlite.field.types.DateType: DateType()
com.j256.ormlite.field.types.DateType: DateType(com.j256.ormlite.field.SqlType,java.lang.Class[])
com.j256.ormlite.field.types.DateType: java.lang.Object parseDefaultString(com.j256.ormlite.field.FieldType,java.lang.String)
com.j256.ormlite.field.types.DateType: java.lang.Object resultToSqlArg(com.j256.ormlite.field.FieldType,com.j256.ormlite.support.DatabaseResults,int)
com.j256.ormlite.field.types.DateType: java.lang.Object sqlArgToJava(com.j256.ormlite.field.FieldType,java.lang.Object,int)
com.j256.ormlite.field.types.DateType: java.lang.Object javaToSqlArg(com.j256.ormlite.field.FieldType,java.lang.Object)
com.j256.ormlite.field.types.DateType: boolean isArgumentHolderRequired()
com.j256.ormlite.field.types.DateType: com.j256.ormlite.field.types.BaseDateType$DateStringFormatConfig getDefaultDateFormatConfig()
com.j256.ormlite.field.types.DateType: void <clinit>()
com.j256.ormlite.field.types.DoubleObjectType
com.j256.ormlite.field.types.DoubleObjectType: com.j256.ormlite.field.types.DoubleObjectType singleTon
com.j256.ormlite.field.types.DoubleObjectType: com.j256.ormlite.field.types.DoubleObjectType getSingleton()
com.j256.ormlite.field.types.DoubleObjectType: DoubleObjectType()
com.j256.ormlite.field.types.DoubleObjectType: DoubleObjectType(com.j256.ormlite.field.SqlType,java.lang.Class[])
com.j256.ormlite.field.types.DoubleObjectType: java.lang.Object parseDefaultString(com.j256.ormlite.field.FieldType,java.lang.String)
com.j256.ormlite.field.types.DoubleObjectType: java.lang.Object resultToSqlArg(com.j256.ormlite.field.FieldType,com.j256.ormlite.support.DatabaseResults,int)
com.j256.ormlite.field.types.DoubleObjectType: boolean isEscapedValue()
com.j256.ormlite.field.types.DoubleObjectType: void <clinit>()