proguard/mapping.txt
com.warmwit.bierapp.BierAppApplication -> com.warmwit.bierapp.BierAppApplication:
    com.warmwit.bierapp.data.RemoteClient remoteClient -> c
    java.io.File generalCache -> a
    java.io.File imageCache -> b
    void initCaches() -> d
    com.warmwit.bierapp.data.RemoteClient getRemoteClient() -> a
    java.lang.String getAuthorizeUrl() -> b
    java.lang.String getAccessTokenFromCode() -> c
    void onCreate() -> onCreate
com.warmwit.bierapp.R -> com.warmwit.bierapp.a:
com.warmwit.bierapp.R$styleable -> com.warmwit.bierapp.b:
    int[] FlowLayout -> FlowLayout
    int FlowLayout_horizontalSpacing -> FlowLayout_horizontalSpacing
    int FlowLayout_verticalSpacing -> FlowLayout_verticalSpacing
    int[] FlowLayout_LayoutParams -> FlowLayout_LayoutParams
    int FlowLayout_LayoutParams_layout_breakLine -> FlowLayout_LayoutParams_layout_breakLine
    int FlowLayout_LayoutParams_layout_horizontalSpacing -> FlowLayout_LayoutParams_layout_horizontalSpacing
com.warmwit.bierapp.actions.Action -> com.warmwit.bierapp.a.a:
com.warmwit.bierapp.actions.ExchangeTokenAction -> com.warmwit.bierapp.a.b:
    org.apache.http.client.HttpClient httpClient -> a
    java.lang.String code -> b
    com.warmwit.bierapp.utils.TokenInfo tokenInfo -> c
    int exchange() -> a
    com.warmwit.bierapp.utils.TokenInfo getTokenInfo() -> b
com.warmwit.bierapp.actions.RefreshTokenAction -> com.warmwit.bierapp.a.c:
    org.apache.http.client.HttpClient httpClient -> a
    com.warmwit.bierapp.utils.TokenInfo oldTokenInfo -> b
    com.warmwit.bierapp.utils.TokenInfo tokenInfo -> c
    int refresh() -> a
    com.warmwit.bierapp.utils.TokenInfo getTokenInfo() -> b
com.warmwit.bierapp.actions.SyncAction -> com.warmwit.bierapp.a.d:
    com.warmwit.bierapp.data.ApiConnector apiConnector -> a
    int basicSync() -> a
com.warmwit.bierapp.activities.AuthorizeActivity -> com.warmwit.bierapp.activities.AuthorizeActivity:
    android.webkit.WebView webView -> a
    android.app.ProgressDialog dialog -> b
    void onCreate(android.os.Bundle) -> onCreate
    void showMessage(java.lang.String,java.lang.String) -> a
    void onPause() -> onPause
    void onResume() -> onResume
    void access$0(com.warmwit.bierapp.activities.AuthorizeActivity,java.lang.String,java.lang.String) -> a
    android.app.ProgressDialog access$1(com.warmwit.bierapp.activities.AuthorizeActivity) -> a
com.warmwit.bierapp.activities.AuthorizeActivity$1 -> com.warmwit.bierapp.activities.a:
    com.warmwit.bierapp.activities.AuthorizeActivity this$0 -> a
    void onClick(android.content.DialogInterface,int) -> onClick
com.warmwit.bierapp.activities.AuthorizeActivity$2 -> com.warmwit.bierapp.activities.b:
    com.warmwit.bierapp.activities.AuthorizeActivity this$0 -> a
    boolean shouldOverrideUrlLoading(android.webkit.WebView,java.lang.String) -> shouldOverrideUrlLoading
    void onPageFinished(android.webkit.WebView,java.lang.String) -> onPageFinished
    void onReceivedError(android.webkit.WebView,int,java.lang.String,java.lang.String) -> onReceivedError
com.warmwit.bierapp.activities.AuthorizeActivity$ExchangeTokenTask -> com.warmwit.bierapp.activities.c:
    com.warmwit.bierapp.actions.ExchangeTokenAction exchangeTokenAction -> b
    com.warmwit.bierapp.activities.AuthorizeActivity this$0 -> a
    java.lang.Integer doInBackground(java.lang.Void[]) -> a
    void onPostExecute(java.lang.Integer) -> a
    void onPostExecute(java.lang.Object) -> onPostExecute
    java.lang.Object doInBackground(java.lang.Object[]) -> doInBackground
com.warmwit.bierapp.activities.GuestsActivity -> com.warmwit.bierapp.activities.GuestsActivity:
    android.widget.ListView guestListView -> a
    com.warmwit.bierapp.data.adapters.GuestListAdapter guestListAdapter -> b
    void onCreate(android.os.Bundle) -> onCreate
    void bindData(android.os.Bundle) -> a
...
com.nostra13.universalimageloader.core.display.SimpleBitmapDisplayer -> com.nostra13.universalimageloader.core.c.c:
    android.graphics.Bitmap display(android.graphics.Bitmap,android.widget.ImageView) -> a
com.nostra13.universalimageloader.core.download.BaseImageDownloader -> com.nostra13.universalimageloader.core.download.BaseImageDownloader:
    android.content.Context context -> a
    int connectTimeout -> b
    int readTimeout -> c
    java.io.InputStream getStream(java.lang.String,java.lang.Object) -> a
    java.io.InputStream getStreamFromNetwork(java.lang.String,java.lang.Object) -> b
    java.net.HttpURLConnection connectTo(java.lang.String) -> a
    java.io.InputStream getStreamFromFile(java.lang.String,java.lang.Object) -> c
    java.io.InputStream getStreamFromContent(java.lang.String,java.lang.Object) -> d
    java.io.InputStream getStreamFromAssets(java.lang.String,java.lang.Object) -> e
    java.io.InputStream getStreamFromDrawable(java.lang.String,java.lang.Object) -> f
    java.io.InputStream getStreamFromOtherSource(java.lang.String,java.lang.Object) -> g
com.nostra13.universalimageloader.core.download.BaseImageDownloader$1 -> com.nostra13.universalimageloader.core.download.a:
    int[] $SwitchMap$com$nostra13$universalimageloader$core$download$ImageDownloader$Scheme -> a
com.nostra13.universalimageloader.core.download.ImageDownloader -> com.nostra13.universalimageloader.core.download.b:
    java.io.InputStream getStream(java.lang.String,java.lang.Object) -> a
com.nostra13.universalimageloader.core.download.ImageDownloader$Scheme -> com.nostra13.universalimageloader.core.download.c:
    com.nostra13.universalimageloader.core.download.ImageDownloader$Scheme HTTP -> a
    com.nostra13.universalimageloader.core.download.ImageDownloader$Scheme HTTPS -> b
    com.nostra13.universalimageloader.core.download.ImageDownloader$Scheme FILE -> c
    com.nostra13.universalimageloader.core.download.ImageDownloader$Scheme CONTENT -> d
    com.nostra13.universalimageloader.core.download.ImageDownloader$Scheme ASSETS -> e
    com.nostra13.universalimageloader.core.download.ImageDownloader$Scheme DRAWABLE -> f
    com.nostra13.universalimageloader.core.download.ImageDownloader$Scheme UNKNOWN -> g
    java.lang.String scheme -> h
    java.lang.String uriPrefix -> i
    com.nostra13.universalimageloader.core.download.ImageDownloader$Scheme[] $VALUES -> j
    com.nostra13.universalimageloader.core.download.ImageDownloader$Scheme[] values() -> values
    com.nostra13.universalimageloader.core.download.ImageDownloader$Scheme valueOf(java.lang.String) -> valueOf
    com.nostra13.universalimageloader.core.download.ImageDownloader$Scheme ofUri(java.lang.String) -> a
    boolean belongsTo(java.lang.String) -> d
    java.lang.String wrap(java.lang.String) -> b
    java.lang.String crop(java.lang.String) -> c
com.nostra13.universalimageloader.core.download.NetworkDeniedImageDownloader -> com.nostra13.universalimageloader.core.download.d:
    com.nostra13.universalimageloader.core.download.ImageDownloader wrappedDownloader -> a
    java.io.InputStream getStream(java.lang.String,java.lang.Object) -> a
com.nostra13.universalimageloader.core.download.NetworkDeniedImageDownloader$1 -> com.nostra13.universalimageloader.core.download.e:
    int[] $SwitchMap$com$nostra13$universalimageloader$core$download$ImageDownloader$Scheme -> a
com.nostra13.universalimageloader.core.download.SlowNetworkImageDownloader -> com.nostra13.universalimageloader.core.download.f:
    com.nostra13.universalimageloader.core.download.ImageDownloader wrappedDownloader -> a
    java.io.InputStream getStream(java.lang.String,java.lang.Object) -> a
com.nostra13.universalimageloader.core.download.SlowNetworkImageDownloader$1 -> com.nostra13.universalimageloader.core.download.g:
    int[] $SwitchMap$com$nostra13$universalimageloader$core$download$ImageDownloader$Scheme -> a