proguard/usage.txt
com.warmwit.bierapp.BierAppApplication:
    public static final java.lang.String CLIENT_ID
    public static final java.lang.String CLIENT_SECRET
    public static final java.lang.String BASE_URL
    public static final java.lang.String REDIRECT_URL
com.warmwit.bierapp.BuildConfig
com.warmwit.bierapp.R:
    10:10:public R()
com.warmwit.bierapp.R$array
com.warmwit.bierapp.R$attr
com.warmwit.bierapp.R$color
com.warmwit.bierapp.R$dimen
com.warmwit.bierapp.R$drawable
com.warmwit.bierapp.R$id
com.warmwit.bierapp.R$layout
com.warmwit.bierapp.R$menu
com.warmwit.bierapp.R$string
com.warmwit.bierapp.R$style
com.warmwit.bierapp.R$styleable:
    198:198:public R$styleable()
com.warmwit.bierapp.R$xml
com.warmwit.bierapp.actions.Action:
    public static final int RESULT_OK
    public static final int RESULT_ERROR_CONNECTION
    public static final int RESULT_ERROR_SQL
    public static final int RESULT_ERROR_SERVER
    public static final int RESULT_ERROR_INTERNAL
    public static final int RESULT_ERROR_AUTHENTICATION
    public static final int RESULT_ERROR_UNKNOWN
com.warmwit.bierapp.actions.ExchangeTokenAction:
    public static final java.lang.String LOG_TAG
    33:36:public ExchangeTokenAction(java.lang.String,org.apache.http.client.HttpClient)
com.warmwit.bierapp.actions.RefreshTokenAction:
    public static final java.lang.String LOG_TAG
    38:41:public RefreshTokenAction(com.warmwit.bierapp.utils.TokenInfo)
com.warmwit.bierapp.actions.SyncAction:
    public static final java.lang.String LOG_TAG
com.warmwit.bierapp.activities.AuthorizeActivity:
    public static final java.lang.String LOG_TAG
com.warmwit.bierapp.activities.HomeActivity:
    public static final java.lang.String LOG_TAG
com.warmwit.bierapp.activities.SplashActivity:
    public static final java.lang.String LOG_TAG
    public static final int SPLASH_TIMEOUT
    private com.warmwit.bierapp.utils.TokenInfo tokenInfo
com.warmwit.bierapp.data.ApiUserInfo:
    6:6:public ApiUserInfo()
com.warmwit.bierapp.data.RemoteClient:
    public static final java.lang.String LOG_TAG
com.warmwit.bierapp.data.models.HostMapping:
    22:22:public int getId()
    26:27:public void setId(int)
    30:30:public com.warmwit.bierapp.data.models.Hosting getHosting()
com.warmwit.bierapp.data.models.Hosting:
    21:21:public int getId()
    25:26:public void setId(int)
    37:37:public java.lang.String getDescription()
com.warmwit.bierapp.data.models.Product:
    51:51:public int getCost()
    63:63:public java.util.Date getDateChanged()
com.warmwit.bierapp.data.models.Transaction:
    51:51:public boolean isDirty()
com.warmwit.bierapp.data.models.TransactionItem:
    36:36:public int getId()
    68:68:public com.warmwit.bierapp.data.models.Transaction getTransaction()
com.warmwit.bierapp.data.models.User:
    public static final int INHABITANT
    public static final int GUEST
    77:77:public java.lang.String getFirstName()
    85:85:public java.lang.String getLastName()
    97:99:public void setScore(int)
    120:120:public boolean isDirty()
    128:128:public boolean isSynced()
    158:158:public java.util.Date setDateChanged()
com.warmwit.bierapp.data.models.UserInfo:
    22:22:public int getId()
    26:27:public void setId(int)
    30:30:public com.warmwit.bierapp.data.models.User getUser()
    38:38:public com.warmwit.bierapp.data.models.Product getProduct()
com.warmwit.bierapp.database.DatabaseHelper:
    private static final java.lang.String DATABASE_NAME
    private static final int DATABASE_VERSION
com.warmwit.bierapp.database.QueryHelper:
    12:13:public QueryHelper(com.j256.ormlite.android.apptools.OrmLiteBaseActivity)
    26:26:public com.warmwit.bierapp.database.QueryHelper setExceptionHandler()
com.warmwit.bierapp.database.TransactionQuery:
    40:43:public java.util.List all()
    57:63:public java.util.List byUser(com.warmwit.bierapp.data.models.User)
    102:102:public int costByUserAndProduct(com.warmwit.bierapp.data.models.TransactionItem)
...
com.google.common.collect.AbstractMapBasedMultimap$AsMap$AsMapIterator
com.google.common.collect.AbstractMapBasedMultimap$EntryIterator
com.google.common.collect.AbstractMapBasedMultimap$KeySet
com.google.common.collect.AbstractMapBasedMultimap$KeySet$1
com.google.common.collect.AbstractMapBasedMultimap$NavigableAsMap
com.google.common.collect.AbstractMapBasedMultimap$NavigableKeySet
com.google.common.collect.AbstractMapBasedMultimap$RandomAccessWrappedList
com.google.common.collect.AbstractMapBasedMultimap$SortedAsMap
com.google.common.collect.AbstractMapBasedMultimap$SortedKeySet
com.google.common.collect.AbstractMapBasedMultimap$WrappedCollection
com.google.common.collect.AbstractMapBasedMultimap$WrappedCollection$WrappedIterator
com.google.common.collect.AbstractMapBasedMultimap$WrappedList
com.google.common.collect.AbstractMapBasedMultimap$WrappedList$WrappedListIterator
com.google.common.collect.AbstractMapBasedMultimap$WrappedNavigableSet
com.google.common.collect.AbstractMapBasedMultimap$WrappedSet
com.google.common.collect.AbstractMapBasedMultimap$WrappedSortedSet
com.google.common.collect.AbstractMapBasedMultiset
com.google.common.collect.AbstractMapBasedMultiset$1
com.google.common.collect.AbstractMapBasedMultiset$1$1
com.google.common.collect.AbstractMapBasedMultiset$MapBasedMultisetIterator
com.google.common.collect.AbstractMultimap
com.google.common.collect.AbstractMultimap$1
com.google.common.collect.AbstractMultimap$2
com.google.common.collect.AbstractMultimap$3
com.google.common.collect.AbstractMultiset
com.google.common.collect.AbstractMultiset$ElementSet
com.google.common.collect.AbstractMultiset$EntrySet
com.google.common.collect.AbstractNavigableMap
com.google.common.collect.AbstractNavigableMap$1
com.google.common.collect.AbstractNavigableMap$DescendingMap
com.google.common.collect.AbstractRangeSet
com.google.common.collect.AbstractSequentialIterator
com.google.common.collect.AbstractSetMultimap
com.google.common.collect.AbstractSortedKeySortedSetMultimap
com.google.common.collect.AbstractSortedMultiset
com.google.common.collect.AbstractSortedMultiset$1
com.google.common.collect.AbstractSortedSetMultimap
com.google.common.collect.AllEqualOrdering
com.google.common.collect.ArrayListMultimap
com.google.common.collect.ArrayTable
com.google.common.collect.ArrayTable$1
com.google.common.collect.ArrayTable$ArrayMap
com.google.common.collect.ArrayTable$ArrayMap$1
com.google.common.collect.ArrayTable$ArrayMap$1$1
com.google.common.collect.ArrayTable$ArrayMap$1$1$1
com.google.common.collect.ArrayTable$CellSet
com.google.common.collect.ArrayTable$CellSet$1
com.google.common.collect.ArrayTable$CellSet$1$1
com.google.common.collect.ArrayTable$Column
com.google.common.collect.ArrayTable$ColumnMap
com.google.common.collect.ArrayTable$Row
com.google.common.collect.ArrayTable$RowMap
com.google.common.collect.ArrayTable$Values
com.google.common.collect.ArrayTable$Values$1
com.google.common.collect.BiMap:
    public abstract java.lang.Object put(java.lang.Object,java.lang.Object)
    public abstract java.lang.Object forcePut(java.lang.Object,java.lang.Object)
    public abstract void putAll(java.util.Map)
    public abstract java.util.Set values()
    public abstract com.google.common.collect.BiMap inverse()
com.google.common.collect.BoundType
com.google.common.collect.BoundType$1
com.google.common.collect.BoundType$2
com.google.common.collect.ByFunctionOrdering
com.google.common.collect.CartesianList
com.google.common.collect.CartesianList$1
com.google.common.collect.ClassToInstanceMap